This file contains any messages produced by compilers while
running configure, to aid debugging if configure makes a mistake.

It was created by fuse-kernel configure 2.7.3, which was
generated by GNU Autoconf 2.61.  Invocation command line was

  $ ./configure 

## --------- ##
## Platform. ##
## --------- ##

hostname = localhost.localdomain
uname -m = i686
uname -r = 2.6.18-1.2798.fc6
uname -s = Linux
uname -v = #1 SMP Mon Oct 16 14:54:20 EDT 2006

/usr/bin/uname -p = unknown
/bin/uname -X     = unknown

/bin/arch              = i686
/usr/bin/arch -k       = unknown
/usr/convex/getsysinfo = unknown
/usr/bin/hostinfo      = unknown
/bin/machine           = unknown
/usr/bin/oslevel       = unknown
/bin/universe          = unknown

PATH: /usr/lib/qt-3.3/bin
PATH: /usr/kerberos/sbin
PATH: /usr/kerberos/bin
PATH: /usr/local/sbin
PATH: /usr/local/bin
PATH: /sbin
PATH: /bin
PATH: /usr/sbin
PATH: /usr/bin
PATH: /usr/X11R6/bin
PATH: /root/bin


## ----------- ##
## Core tests. ##
## ----------- ##

configure:1683: checking for a BSD-compatible install
configure:1739: result: /usr/bin/install -c
configure:1778: checking if FUSE is loaded as a module
configure:1781: result: yes
configure:1800: checking if FUSE module is from official kernel
configure:1806: result: no
configure:1817: checking kernel source directory
configure:1845: result: /usr/src/kernels/2.6.18-1.2798.fc6-i586
configure:1847: checking kernel build directory
configure:1849: result: /usr/src/kernels/2.6.18-1.2798.fc6-i586
configure:1852: checking kernel source version
configure:1870: result: 2.6.18-1.2798.fc6
configure:1891: checking if FUSE is configured in the kernel
configure:1898: result: yes
configure:1910:
NOTE:     Detected that FUSE is already present in the kernel, so
NOTE:     building of kernel module is disabled.  To force building
NOTE:     of kernel module use the '--enable-kernel-module' option.
configure:2194: creating ./config.status

## ---------------------- ##
## Running config.status. ##
## ---------------------- ##

This file was extended by fuse-kernel config.status 2.7.3, which was
generated by GNU Autoconf 2.61.  Invocation command line was

  CONFIG_FILES    = 
  CONFIG_HEADERS  = 
  CONFIG_LINKS    = 
  CONFIG_COMMANDS = 
  $ ./config.status 

on localhost.localdomain

config.status:591: creating Makefile
config.status:591: creating config.h

## ---------------- ##
## Cache variables. ##
## ---------------- ##

ac_cv_env_build_alias_set=
ac_cv_env_build_alias_value=
ac_cv_env_host_alias_set=
ac_cv_env_host_alias_value=
ac_cv_env_target_alias_set=
ac_cv_env_target_alias_value=
ac_cv_path_install='/usr/bin/install -c'

## ----------------- ##
## Output variables. ##
## ----------------- ##

DEFS='-DHAVE_CONFIG_H'
ECHO_C=''
ECHO_N='-n'
ECHO_T=''
ENABLE_FUSE_MODULE='n'
INSTALL_DATA='${INSTALL} -m 644'
INSTALL_PROGRAM='${INSTALL}'
INSTALL_SCRIPT='${INSTALL}'
KERNELCFLAGS=''
KERNELCPPFLAGS=''
KERNELMAKE_PARAMS=''
LIBOBJS=''
LIBS=''
LTLIBOBJS=''
PACKAGE_BUGREPORT=''
PACKAGE_NAME='fuse-kernel'
PACKAGE_STRING='fuse-kernel 2.7.3'
PACKAGE_TARNAME='fuse-kernel'
PACKAGE_VERSION='2.7.3'
PATH_SEPARATOR=':'
SHELL='/bin/sh'
bindir='${exec_prefix}/bin'
build_alias=''
datadir='${datarootdir}'
datarootdir='${prefix}/share'
docdir='${datarootdir}/doc/${PACKAGE_TARNAME}'
dvidir='${docdir}'
exec_prefix='${prefix}'
host_alias=''
htmldir='${docdir}'
includedir='${prefix}/include'
infodir='${datarootdir}/info'
kernelsrc='/usr/src/kernels/2.6.18-1.2798.fc6-i586'
kmoduledir='/lib/modules/2.6.18-1.2798.fc6'
libdir='${exec_prefix}/lib'
libexecdir='${exec_prefix}/libexec'
localedir='${datarootdir}/locale'
localstatedir='${prefix}/var'
mandir='${datarootdir}/man'
oldincludedir='/usr/include'
pdfdir='${docdir}'
prefix='/usr/local'
program_transform_name='s,x,x,'
psdir='${docdir}'
sbindir='${exec_prefix}/sbin'
sharedstatedir='${prefix}/com'
sysconfdir='${prefix}/etc'
target_alias=''

## ----------- ##
## confdefs.h. ##
## ----------- ##

#define PACKAGE_NAME "fuse-kernel"
#define PACKAGE_TARNAME "fuse-kernel"
#define PACKAGE_VERSION "2.7.3"
#define PACKAGE_STRING "fuse-kernel 2.7.3"
#define PACKAGE_BUGREPORT ""

configure: exit 0
